<?xml version="1.0" encoding="UTF-8"?>
<!-- Generated by org.testng.reporters.JUnitXMLReporter -->
<testsuite ignored="0" hostname="DESKTOP-49C35S1" failures="0" tests="4" name="SubmitOrder" time="53.723" errors="0" timestamp="2025-03-11T08:06:12 PDT">
  <testcase classname="UdemyRahulShettyAcademy.tests.SubmitOrder" name="submitOrder" time="16.58"/>
  <testcase classname="UdemyRahulShettyAcademy.tests.SubmitOrder" name="submitOrder" time="16.657"/>
  <testcase classname="UdemyRahulShettyAcademy.tests.SubmitOrder" name="oderHistoryTest" time="1.308"/>
  <testcase classname="UdemyRahulShettyAcademy.tests.SubmitOrder" name="oderHistoryTest" time="1.851"/>
</testsuite> <!-- SubmitOrder -->
