<?xml version="1.0" encoding="UTF-8"?>
<!-- Generated by org.testng.reporters.JUnitXMLReporter -->
<testsuite ignored="0" hostname="DESKTOP-49C35S1" failures="0" tests="2" name="Error Validation" time="32.208" errors="0" timestamp="2025-03-13T06:00:05 PDT">
  <testcase classname="UdemyRahulShettyAcademy.tests.ErrorValidation" name="LoginErrorValidation" time="1.096"/>
  <testcase classname="UdemyRahulShettyAcademy.tests.ErrorValidation" name="productErrorValidation" time="23.898"/>
</testsuite> <!-- Error Validation -->
