<?xml version="1.0" encoding="UTF-8"?>
<!-- Generated by org.testng.reporters.JUnitXMLReporter -->
<testsuite ignored="0" hostname="DESKTOP-49C35S1" failures="0" tests="4" name="SubmitOrder" time="33.085" errors="0" timestamp="2025-03-13T06:00:06 PDT">
  <testcase classname="UdemyRahulShettyAcademy.tests.SubmitOrder" name="submitOrder" time="15.751"/>
  <testcase classname="UdemyRahulShettyAcademy.tests.SubmitOrder" name="submitOrder" time="3.89"/>
  <testcase classname="UdemyRahulShettyAcademy.tests.SubmitOrder" name="oderHistoryTest" time="0.856"/>
  <testcase classname="UdemyRahulShettyAcademy.tests.SubmitOrder" name="oderHistoryTest" time="1.07"/>
</testsuite> <!-- SubmitOrder -->
