<?xml version="1.0" encoding="UTF-8"?>
<testng-results ignored="0" total="6" passed="6" failed="0" skipped="0">
  <reporter-output>
  </reporter-output>
  <suite started-at="2025-03-13T05:59:33 PDT" name="Suite" finished-at="2025-03-13T06:00:06 PDT" duration-ms="33085">
    <groups>
      <group name="Purchase order">
        <method signature="SubmitOrder.submitOrder(java.util.HashMap)[pri:0, instance:UdemyRahulShettyAcademy.tests.SubmitOrder@3ad83a66]" name="submitOrder" class="UdemyRahulShettyAcademy.tests.SubmitOrder"/>
        <method signature="SubmitOrder.oderHistoryTest(java.util.HashMap)[pri:0, instance:UdemyRahulShettyAcademy.tests.SubmitOrder@3ad83a66]" name="oderHistoryTest" class="UdemyRahulShettyAcademy.tests.SubmitOrder"/>
      </group> <!-- Purchase order -->
      <group name="ErrorHandaling">
        <method signature="ErrorValidation.LoginErrorValidation()[pri:0, instance:UdemyRahulShettyAcademy.tests.ErrorValidation@49b2a47d]" name="LoginErrorValidation" class="UdemyRahulShettyAcademy.tests.ErrorValidation"/>
        <method signature="ErrorValidation.productErrorValidation()[pri:0, instance:UdemyRahulShettyAcademy.tests.ErrorValidation@49b2a47d]" name="productErrorValidation" class="UdemyRahulShettyAcademy.tests.ErrorValidation"/>
      </group> <!-- ErrorHandaling -->
    </groups>
    <test started-at="2025-03-13T05:59:33 PDT" name="Error Validation" finished-at="2025-03-13T06:00:05 PDT" duration-ms="32208">
      <class name="UdemyRahulShettyAcademy.tests.ErrorValidation">
        <test-method is-config="true" signature="launchApplication()[pri:0, instance:UdemyRahulShettyAcademy.tests.ErrorValidation@49b2a47d]" started-at="2025-03-13T05:59:33 PDT" name="launchApplication" finished-at="2025-03-13T05:59:37 PDT" duration-ms="4054" status="PASS">
          <reporter-output>
          </reporter-output>
        </test-method> <!-- launchApplication -->
        <test-method signature="LoginErrorValidation()[pri:0, instance:UdemyRahulShettyAcademy.tests.ErrorValidation@49b2a47d]" started-at="2025-03-13T05:59:37 PDT" name="LoginErrorValidation" finished-at="2025-03-13T05:59:38 PDT" duration-ms="1096" status="PASS">
          <reporter-output>
          </reporter-output>
        </test-method> <!-- LoginErrorValidation -->
        <test-method is-config="true" signature="tearDown()[pri:0, instance:UdemyRahulShettyAcademy.tests.ErrorValidation@49b2a47d]" started-at="2025-03-13T05:59:38 PDT" name="tearDown" finished-at="2025-03-13T05:59:38 PDT" duration-ms="211" status="PASS">
          <reporter-output>
          </reporter-output>
        </test-method> <!-- tearDown -->
        <test-method is-config="true" signature="launchApplication()[pri:0, instance:UdemyRahulShettyAcademy.tests.ErrorValidation@49b2a47d]" started-at="2025-03-13T05:59:38 PDT" name="launchApplication" finished-at="2025-03-13T05:59:41 PDT" duration-ms="2734" status="PASS">
          <reporter-output>
          </reporter-output>
        </test-method> <!-- launchApplication -->
        <test-method signature="productErrorValidation()[pri:0, instance:UdemyRahulShettyAcademy.tests.ErrorValidation@49b2a47d]" started-at="2025-03-13T05:59:41 PDT" name="productErrorValidation" finished-at="2025-03-13T06:00:05 PDT" duration-ms="23898" status="PASS">
          <reporter-output>
          </reporter-output>
        </test-method> <!-- productErrorValidation -->
        <test-method is-config="true" signature="tearDown()[pri:0, instance:UdemyRahulShettyAcademy.tests.ErrorValidation@49b2a47d]" started-at="2025-03-13T06:00:05 PDT" name="tearDown" finished-at="2025-03-13T06:00:05 PDT" duration-ms="138" status="PASS">
          <reporter-output>
          </reporter-output>
        </test-method> <!-- tearDown -->
      </class> <!-- UdemyRahulShettyAcademy.tests.ErrorValidation -->
    </test> <!-- Error Validation -->
    <test started-at="2025-03-13T05:59:33 PDT" name="SubmitOrder" finished-at="2025-03-13T06:00:06 PDT" duration-ms="33085">
      <class name="UdemyRahulShettyAcademy.tests.SubmitOrder">
        <test-method is-config="true" signature="launchApplication()[pri:0, instance:UdemyRahulShettyAcademy.tests.SubmitOrder@3ad83a66]" started-at="2025-03-13T05:59:33 PDT" name="launchApplication" finished-at="2025-03-13T05:59:37 PDT" duration-ms="3711" status="PASS">
          <reporter-output>
          </reporter-output>
        </test-method> <!-- launchApplication -->
        <test-method signature="submitOrder(java.util.HashMap)[pri:0, instance:UdemyRahulShettyAcademy.tests.SubmitOrder@3ad83a66]" started-at="2025-03-13T05:59:37 PDT" name="submitOrder" data-provider="getData" finished-at="2025-03-13T05:59:52 PDT" duration-ms="15751" status="PASS">
          <params>
            <param index="0">
              <value>
                <![CDATA[{password=Strawhats@10, countryName=India, email=Kingofthepirates@onepeice.com, productName=ZARA COAT 3}]]>
              </value>
            </param>
          </params>
          <reporter-output>
          </reporter-output>
        </test-method> <!-- submitOrder -->
        <test-method is-config="true" signature="tearDown()[pri:0, instance:UdemyRahulShettyAcademy.tests.SubmitOrder@3ad83a66]" started-at="2025-03-13T05:59:52 PDT" name="tearDown" finished-at="2025-03-13T05:59:52 PDT" duration-ms="79" status="PASS">
          <reporter-output>
          </reporter-output>
        </test-method> <!-- tearDown -->
        <test-method is-config="true" signature="launchApplication()[pri:0, instance:UdemyRahulShettyAcademy.tests.SubmitOrder@3ad83a66]" started-at="2025-03-13T05:59:52 PDT" name="launchApplication" finished-at="2025-03-13T05:59:55 PDT" duration-ms="2476" status="PASS">
          <reporter-output>
          </reporter-output>
        </test-method> <!-- launchApplication -->
        <test-method signature="submitOrder(java.util.HashMap)[pri:0, instance:UdemyRahulShettyAcademy.tests.SubmitOrder@3ad83a66]" started-at="2025-03-13T05:59:55 PDT" name="submitOrder" data-provider="getData" finished-at="2025-03-13T05:59:59 PDT" duration-ms="3890" status="PASS">
          <params>
            <param index="0">
              <value>
                <![CDATA[{password=Strawhats@10, countryName=India, email=Firstcommander@strawhats.com, productName=IPHONE 13 PRO}]]>
              </value>
            </param>
          </params>
          <reporter-output>
          </reporter-output>
        </test-method> <!-- submitOrder -->
        <test-method is-config="true" signature="tearDown()[pri:0, instance:UdemyRahulShettyAcademy.tests.SubmitOrder@3ad83a66]" started-at="2025-03-13T05:59:59 PDT" name="tearDown" finished-at="2025-03-13T05:59:59 PDT" duration-ms="75" status="PASS">
          <reporter-output>
          </reporter-output>
        </test-method> <!-- tearDown -->
        <test-method is-config="true" signature="launchApplication()[pri:0, instance:UdemyRahulShettyAcademy.tests.SubmitOrder@3ad83a66]" started-at="2025-03-13T05:59:59 PDT" name="launchApplication" finished-at="2025-03-13T06:00:01 PDT" duration-ms="2335" status="PASS">
          <reporter-output>
          </reporter-output>
        </test-method> <!-- launchApplication -->
        <test-method signature="oderHistoryTest(java.util.HashMap)[pri:0, instance:UdemyRahulShettyAcademy.tests.SubmitOrder@3ad83a66]" started-at="2025-03-13T06:00:01 PDT" name="oderHistoryTest" data-provider="getData" finished-at="2025-03-13T06:00:02 PDT" depends-on-methods="UdemyRahulShettyAcademy.tests.SubmitOrder.submitOrder" duration-ms="856" status="PASS">
          <params>
            <param index="0">
              <value>
                <![CDATA[{password=Strawhats@10, countryName=India, email=Kingofthepirates@onepeice.com, productName=ZARA COAT 3}]]>
              </value>
            </param>
          </params>
          <reporter-output>
          </reporter-output>
        </test-method> <!-- oderHistoryTest -->
        <test-method is-config="true" signature="tearDown()[pri:0, instance:UdemyRahulShettyAcademy.tests.SubmitOrder@3ad83a66]" started-at="2025-03-13T06:00:02 PDT" name="tearDown" finished-at="2025-03-13T06:00:02 PDT" duration-ms="57" status="PASS">
          <reporter-output>
          </reporter-output>
        </test-method> <!-- tearDown -->
        <test-method is-config="true" signature="launchApplication()[pri:0, instance:UdemyRahulShettyAcademy.tests.SubmitOrder@3ad83a66]" started-at="2025-03-13T06:00:02 PDT" name="launchApplication" finished-at="2025-03-13T06:00:04 PDT" duration-ms="2348" status="PASS">
          <reporter-output>
          </reporter-output>
        </test-method> <!-- launchApplication -->
        <test-method signature="oderHistoryTest(java.util.HashMap)[pri:0, instance:UdemyRahulShettyAcademy.tests.SubmitOrder@3ad83a66]" started-at="2025-03-13T06:00:04 PDT" name="oderHistoryTest" data-provider="getData" finished-at="2025-03-13T06:00:06 PDT" depends-on-methods="UdemyRahulShettyAcademy.tests.SubmitOrder.submitOrder" duration-ms="1070" status="PASS">
          <params>
            <param index="0">
              <value>
                <![CDATA[{password=Strawhats@10, countryName=India, email=Firstcommander@strawhats.com, productName=IPHONE 13 PRO}]]>
              </value>
            </param>
          </params>
          <reporter-output>
          </reporter-output>
        </test-method> <!-- oderHistoryTest -->
        <test-method is-config="true" signature="tearDown()[pri:0, instance:UdemyRahulShettyAcademy.tests.SubmitOrder@3ad83a66]" started-at="2025-03-13T06:00:06 PDT" name="tearDown" finished-at="2025-03-13T06:00:06 PDT" duration-ms="95" status="PASS">
          <reporter-output>
          </reporter-output>
        </test-method> <!-- tearDown -->
      </class> <!-- UdemyRahulShettyAcademy.tests.SubmitOrder -->
    </test> <!-- SubmitOrder -->
  </suite> <!-- Suite -->
</testng-results>
